<?xml version="1.0" encoding="UTF-8"?>
<testng-results ignored="0" total="2" passed="2" failed="0" skipped="0">
  <reporter-output>
  </reporter-output>
  <suite started-at="2021-02-08T08:40:48Z" name="Suite" finished-at="2021-02-08T08:41:57Z" duration-ms="68756">
    <groups>
    </groups>
    <test started-at="2021-02-08T08:40:48Z" name="Test" finished-at="2021-02-08T08:41:57Z" duration-ms="68756">
      <class name="dockerrun.Chrometest">
        <test-method signature="test()[pri:0, instance:dockerrun.Chrometest@5e5d171f]" started-at="2021-02-08T08:41:33Z" name="test" finished-at="2021-02-08T08:41:51Z" duration-ms="17885" status="PASS">
          <reporter-output>
          </reporter-output>
        </test-method> <!-- test -->
      </class> <!-- dockerrun.Chrometest -->
      <class name="dockerrun.Firefoxtest">
        <test-method signature="test1()[pri:0, instance:dockerrun.Firefoxtest@7770f470]" started-at="2021-02-08T08:41:33Z" name="test1" finished-at="2021-02-08T08:41:52Z" duration-ms="18678" status="PASS">
          <reporter-output>
          </reporter-output>
        </test-method> <!-- test1 -->
      </class> <!-- dockerrun.Firefoxtest -->
      <class name="dockerrun.Setupdockergrid">
        <test-method is-config="true" signature="start_dockergrid()[pri:0, instance:dockerrun.Setupdockergrid@d35dea7]" started-at="2021-02-08T08:40:48Z" name="start_dockergrid" finished-at="2021-02-08T08:41:33Z" duration-ms="45028" status="PASS">
          <reporter-output>
          </reporter-output>
        </test-method> <!-- start_dockergrid -->
        <test-method is-config="true" signature="stop_dockergrid()[pri:0, instance:dockerrun.Setupdockergrid@d35dea7]" started-at="2021-02-08T08:41:52Z" name="stop_dockergrid" finished-at="2021-02-08T08:41:57Z" duration-ms="5010" status="PASS">
          <reporter-output>
          </reporter-output>
        </test-method> <!-- stop_dockergrid -->
      </class> <!-- dockerrun.Setupdockergrid -->
    </test> <!-- Test -->
  </suite> <!-- Suite -->
</testng-results>
